Line 242: Class WMPLibCtl.WindowsMediaPlayer of control titleMusic was not a loaded control class.
Line 248: The property name URL in titleMusic is invalid.
Line 249: The property name rate in titleMusic is invalid.
Line 250: The property name balance in titleMusic is invalid.
Line 251: The property name currentPosition in titleMusic is invalid.
Line 252: The property name defaultFrame in titleMusic is invalid.
Line 253: The property name playCount in titleMusic is invalid.
Line 254: The property name autoStart in titleMusic is invalid.
Line 255: The property name currentMarker in titleMusic is invalid.
Line 256: The property name invokeURLs in titleMusic is invalid.
Line 257: The property name baseURL in titleMusic is invalid.
Line 258: The property name volume in titleMusic is invalid.
Line 259: The property name mute in titleMusic is invalid.
Line 260: The property name uiMode in titleMusic is invalid.
Line 261: The property name stretchToFit in titleMusic is invalid.
Line 262: The property name windowlessVideo in titleMusic is invalid.
Line 264: The property name enableContextMenu in titleMusic is invalid.
Line 265: The property name fullScreen in titleMusic is invalid.
Line 266: The property name SAMIStyle in titleMusic is invalid.
Line 267: The property name SAMILang in titleMusic is invalid.
Line 268: The property name SAMIFilename in titleMusic is invalid.
Line 269: The property name captioningID in titleMusic is invalid.
Line 270: The property name enableErrorDialogs in titleMusic is invalid.
Line 271: The property name _cx in titleMusic is invalid.
Line 272: The property name _cy in titleMusic is invalid.
Line 248: The property name URL in titleMusic is invalid.
Line 249: The property name rate in titleMusic is invalid.
Line 250: The property name balance in titleMusic is invalid.
Line 251: The property name currentPosition in titleMusic is invalid.
Line 252: The property name defaultFrame in titleMusic is invalid.
Line 253: The property name playCount in titleMusic is invalid.
Line 254: The property name autoStart in titleMusic is invalid.
Line 255: The property name currentMarker in titleMusic is invalid.
Line 256: The property name invokeURLs in titleMusic is invalid.
Line 257: The property name baseURL in titleMusic is invalid.
Line 258: The property name volume in titleMusic is invalid.
Line 259: The property name mute in titleMusic is invalid.
Line 260: The property name uiMode in titleMusic is invalid.
Line 261: The property name stretchToFit in titleMusic is invalid.
Line 262: The property name windowlessVideo in titleMusic is invalid.
Line 264: The property name enableContextMenu in titleMusic is invalid.
Line 265: The property name fullScreen in titleMusic is invalid.
Line 266: The property name SAMIStyle in titleMusic is invalid.
Line 267: The property name SAMILang in titleMusic is invalid.
Line 268: The property name SAMIFilename in titleMusic is invalid.
Line 269: The property name captioningID in titleMusic is invalid.
Line 270: The property name enableErrorDialogs in titleMusic is invalid.
Line 271: The property name _cx in titleMusic is invalid.
Line 272: The property name _cy in titleMusic is invalid.
Line 248: The property name URL in titleMusic is invalid.
Line 249: The property name rate in titleMusic is invalid.
Line 250: The property name balance in titleMusic is invalid.
Line 251: The property name currentPosition in titleMusic is invalid.
Line 252: The property name defaultFrame in titleMusic is invalid.
Line 253: The property name playCount in titleMusic is invalid.
Line 254: The property name autoStart in titleMusic is invalid.
Line 255: The property name currentMarker in titleMusic is invalid.
Line 256: The property name invokeURLs in titleMusic is invalid.
Line 257: The property name baseURL in titleMusic is invalid.
Line 258: The property name volume in titleMusic is invalid.
Line 259: The property name mute in titleMusic is invalid.
Line 260: The property name uiMode in titleMusic is invalid.
Line 261: The property name stretchToFit in titleMusic is invalid.
Line 262: The property name windowlessVideo in titleMusic is invalid.
Line 264: The property name enableContextMenu in titleMusic is invalid.
Line 265: The property name fullScreen in titleMusic is invalid.
Line 266: The property name SAMIStyle in titleMusic is invalid.
Line 267: The property name SAMILang in titleMusic is invalid.
Line 268: The property name SAMIFilename in titleMusic is invalid.
Line 269: The property name captioningID in titleMusic is invalid.
Line 270: The property name enableErrorDialogs in titleMusic is invalid.
Line 271: The property name _cx in titleMusic is invalid.
Line 272: The property name _cy in titleMusic is invalid.
